<?xml version="1.0" encoding="UTF-8"?>
<!-- Generated by org.testng.reporters.JUnitReportReporter -->
<testsuite hostname="KI-DW-Anand" name="com.kambaa.aazp.Test.LoginpageTest" tests="4" failures="0" timestamp="13 Jul 2019 10:50:11 GMT" time="45.706" errors="0">
  <testcase name="invalidemail" time="2.913" classname="com.kambaa.aazp.Test.LoginpageTest"/>
  <testcase name="bothinvalid" time="2.593" classname="com.kambaa.aazp.Test.LoginpageTest"/>
  <testcase name="invalidpwd" time="15.392" classname="com.kambaa.aazp.Test.LoginpageTest"/>
  <testcase name="bothcorrect" time="24.808" classname="com.kambaa.aazp.Test.LoginpageTest"/>
</testsuite> <!-- com.kambaa.aazp.Test.LoginpageTest -->
