<?xml version="1.0" encoding="UTF-8"?>
<!-- Generated by org.testng.reporters.JUnitReportReporter -->
<testsuite hostname="KI-DW-Anand" name="com.kambaa.aazp.Test.MyorderpageTest" tests="4" failures="0" timestamp="13 Jul 2019 10:50:11 GMT" time="204.866" errors="0">
  <testcase name="orderidcheck" time="2.758" classname="com.kambaa.aazp.Test.MyorderpageTest"/>
  <testcase name="cartcount" time="139.445" classname="com.kambaa.aazp.Test.MyorderpageTest"/>
  <testcase name="navigatetobacktoanimaladoptedpage" time="7.505" classname="com.kambaa.aazp.Test.MyorderpageTest"/>
  <testcase name="myorderpagehomepage" time="55.158" classname="com.kambaa.aazp.Test.MyorderpageTest"/>
</testsuite> <!-- com.kambaa.aazp.Test.MyorderpageTest -->
