<?xml version="1.0" encoding="UTF-8"?>
<!-- Generated by org.testng.reporters.JUnitReportReporter -->
<testsuite hostname="KI-DW-Anand" name="com.kambaa.aazp.Test.RegisterpageTest" tests="1" failures="0" timestamp="13 Jul 2019 10:50:11 GMT" time="39.962" errors="0">
  <testcase name="registerpage" time="39.962" classname="com.kambaa.aazp.Test.RegisterpageTest"/>
</testsuite> <!-- com.kambaa.aazp.Test.RegisterpageTest -->
