<?xml version="1.0" encoding="UTF-8"?>
<!-- Generated by org.testng.reporters.JUnitReportReporter -->
<testsuite hostname="KI-DW-Anand" name="com.kambaa.aazp.Test.MyprofilepageTest" tests="4" failures="0" timestamp="13 Jul 2019 10:50:11 GMT" time="180.537" errors="0">
  <testcase name="withoutenterpincode" time="7.702" classname="com.kambaa.aazp.Test.MyprofilepageTest"/>
  <testcase name="myprofileeditsuccess" time="9.331" classname="com.kambaa.aazp.Test.MyprofilepageTest"/>
  <testcase name="withoutenteraddress" time="93.930" classname="com.kambaa.aazp.Test.MyprofilepageTest"/>
  <testcase name="withoutselectstate" time="69.574" classname="com.kambaa.aazp.Test.MyprofilepageTest"/>
</testsuite> <!-- com.kambaa.aazp.Test.MyprofilepageTest -->
